  Validating architecture
  Validating sources
  Copying sources remotely to 'localhost'
  Starting remote build
  Compiling sources:
  graphicsresources.cpp
  /home/computerfido/projects/Kernel/src/graphicsresources.cpp:1:31: fatal error: graphicsresources.h: No such file or directory
   #include <graphicsresources.h>
                                 ^
  compilation terminated.
  
C:\Users\fidoj\OneDrive\Documents\Lemon\Kernel\src\graphicsresources.cpp(1,31): error : graphicsresources.h: No such file or directory
  mouse.cpp
  /home/computerfido/projects/Kernel/src/arch/x86/mouse.cpp:1:19: fatal error: mouse.h: No such file or directory
   #include <mouse.h>
                     ^
  compilation terminated.
  
C:\Users\fidoj\OneDrive\Documents\Lemon\Kernel\src\arch\x86\mouse.cpp(1,19): error : mouse.h: No such file or directory
  gdt.cpp
  /home/computerfido/projects/Kernel/src/arch/x86/gdt.cpp:1:17: fatal error: gdt.h: No such file or directory
   #include <gdt.h>
                   ^
  compilation terminated.
  
C:\Users\fidoj\OneDrive\Documents\Lemon\Kernel\src\arch\x86\gdt.cpp(1,17): error : gdt.h: No such file or directory
  idt.cpp
  /home/computerfido/projects/Kernel/src/arch/x86/idt.cpp:1:17: fatal error: idt.h: No such file or directory
   #include <idt.h>
                   ^
  compilation terminated.
  
C:\Users\fidoj\OneDrive\Documents\Lemon\Kernel\src\arch\x86\idt.cpp(1,17): error : idt.h: No such file or directory
  keyboard.cpp
  /home/computerfido/projects/Kernel/src/arch/x86/keyboard.cpp:1:22: fatal error: keyboard.h: No such file or directory
   #include <keyboard.h>
                        ^
  compilation terminated.
  
C:\Users\fidoj\OneDrive\Documents\Lemon\Kernel\src\arch\x86\keyboard.cpp(1,22): error : keyboard.h: No such file or directory
  paging.cpp
  /home/computerfido/projects/Kernel/src/arch/x86/paging.cpp:1:20: fatal error: paging.h: No such file or directory
   #include <paging.h>
                      ^
  compilation terminated.
  
C:\Users\fidoj\OneDrive\Documents\Lemon\Kernel\src\arch\x86\paging.cpp(1,20): error : paging.h: No such file or directory
  serial.cpp
  /home/computerfido/projects/Kernel/src/arch/x86/serial.cpp:1:20: fatal error: system.h: No such file or directory
   #include <system.h>
                      ^
  compilation terminated.
  
C:\Users\fidoj\OneDrive\Documents\Lemon\Kernel\src\arch\x86\serial.cpp(1,20): error : system.h: No such file or directory
  system.cpp
  /home/computerfido/projects/Kernel/src/arch/x86/system.cpp:1:20: fatal error: system.h: No such file or directory
   #include <system.h>
                      ^
  compilation terminated.
  
C:\Users\fidoj\OneDrive\Documents\Lemon\Kernel\src\arch\x86\system.cpp(1,20): error : system.h: No such file or directory
  vga.cpp
  /home/computerfido/projects/Kernel/src/arch/x86/vga.cpp:1:17: fatal error: vga.h: No such file or directory
   #include <vga.h>
                   ^
  compilation terminated.
  
C:\Users\fidoj\OneDrive\Documents\Lemon\Kernel\src\arch\x86\vga.cpp(1,17): error : vga.h: No such file or directory
  console.cpp
  /home/computerfido/projects/Kernel/src/console.cpp:1:21: fatal error: console.h: No such file or directory
   #include <console.h>
                       ^
  compilation terminated.
  
C:\Users\fidoj\OneDrive\Documents\Lemon\Kernel\src\console.cpp(1,21): error : console.h: No such file or directory
  fatal.cpp
  /home/computerfido/projects/Kernel/src/fatal.cpp:1:19: fatal error: fatal.h: No such file or directory
   #include <fatal.h>
                     ^
  compilation terminated.
  
C:\Users\fidoj\OneDrive\Documents\Lemon\Kernel\src\fatal.cpp(1,19): error : fatal.h: No such file or directory
  GUI.cpp
  /home/computerfido/projects/Kernel/src/gui/GUI.cpp:1:17: fatal error: GUI.h: No such file or directory
   #include <GUI.h>
                   ^
  compilation terminated.
  
C:\Users\fidoj\OneDrive\Documents\Lemon\Kernel\src\gui\GUI.cpp(1,17): error : GUI.h: No such file or directory
  initrd.cpp
  /home/computerfido/projects/Kernel/src/initrd.cpp:1:20: fatal error: initrd.h: No such file or directory
   #include <initrd.h>
                      ^
  compilation terminated.
  
C:\Users\fidoj\OneDrive\Documents\Lemon\Kernel\src\initrd.cpp(1,20): error : initrd.h: No such file or directory
  kernel.cpp
  /home/computerfido/projects/Kernel/src/kernel.cpp:1:17: fatal error: gdt.h: No such file or directory
   #include <gdt.h>
                   ^
  compilation terminated.
  
C:\Users\fidoj\OneDrive\Documents\Lemon\Kernel\src\kernel.cpp(1,17): error : gdt.h: No such file or directory
  liballoc.c
C:\Program Files (x86)\Microsoft Visual Studio\2017\Community\Common7\IDE\VC\VCTargets\Application Type\Linux\1.0\Linux.targets(259,5): warning : command line option '-fthreadsafe-statics' is valid for C++/ObjC++ but not for C
C:\Program Files (x86)\Microsoft Visual Studio\2017\Community\Common7\IDE\VC\VCTargets\Application Type\Linux\1.0\Linux.targets(259,5): warning : command line option '-frtti' is valid for C++/ObjC++ but not for C
C:\Users\fidoj\OneDrive\Documents\Lemon\Kernel\src\liballoc\liballoc.h(87,11): warning : conflicting types for built-in function 'malloc'
C:\Users\fidoj\OneDrive\Documents\Lemon\Kernel\src\liballoc\liballoc.h(88,11): warning : conflicting types for built-in function 'realloc'
C:\Users\fidoj\OneDrive\Documents\Lemon\Kernel\src\liballoc\liballoc.h(89,11): warning : conflicting types for built-in function 'calloc'
C:\Users\fidoj\OneDrive\Documents\Lemon\Kernel\src\liballoc\liballoc.c(74,19): warning : conversion to 'char' from 'int' may alter its value [-Wconversion]
C:\Users\fidoj\OneDrive\Documents\Lemon\Kernel\src\liballoc\liballoc.c(89,9): warning : conversion to 'size_t {aka unsigned int}' from 'long unsigned int' may alter its value [-Wconversion]
C:\Users\fidoj\OneDrive\Documents\Lemon\Kernel\src\liballoc\liballoc.c(146,23): warning : conversion to 'unsigned int' from 'long unsigned int' may alter its value [-Wconversion]
C:\Users\fidoj\OneDrive\Documents\Lemon\Kernel\src\liballoc\liballoc.c(206,27): warning : conversion to 'unsigned int' from 'long unsigned int' may alter its value [-Wconversion]
C:\Users\fidoj\OneDrive\Documents\Lemon\Kernel\src\liballoc\liballoc.c(209,31): warning : cast from pointer to integer of different size [-Wpointer-to-int-cast]
C:\Users\fidoj\OneDrive\Documents\Lemon\Kernel\src\liballoc\liballoc.c(243,12): warning : conversion to 'unsigned int' from 'long unsigned int' may alter its value [-Wconversion]
C:\Users\fidoj\OneDrive\Documents\Lemon\Kernel\src\liballoc\liballoc.c(246,17): warning : conversion to 'unsigned int' from 'int' may change the sign of the result [-Wsign-conversion]
C:\Users\fidoj\OneDrive\Documents\Lemon\Kernel\src\liballoc\liballoc.c(247,15): warning : conversion to 'unsigned int' from 'int' may change the sign of the result [-Wsign-conversion]
C:\Users\fidoj\OneDrive\Documents\Lemon\Kernel\src\liballoc\liballoc.c(250,38): warning : conversion to 'unsigned int' from 'int' may change the sign of the result [-Wsign-conversion]
C:\Users\fidoj\OneDrive\Documents\Lemon\Kernel\src\liballoc\liballoc.c(252,47): warning : conversion to 'int' from 'unsigned int' may change the sign of the result [-Wsign-conversion]
C:\Users\fidoj\OneDrive\Documents\Lemon\Kernel\src\liballoc\liballoc.c(258,29): warning : conversion to 'unsigned int' from 'int' may change the sign of the result [-Wsign-conversion]
C:\Users\fidoj\OneDrive\Documents\Lemon\Kernel\src\liballoc\liballoc.c(332,21): warning : conversion to 'unsigned int' from 'long unsigned int' may alter its value [-Wconversion]
C:\Users\fidoj\OneDrive\Documents\Lemon\Kernel\src\liballoc\liballoc.c(352,28): warning : conversion to 'unsigned int' from 'long unsigned int' may alter its value [-Wconversion]
C:\Users\fidoj\OneDrive\Documents\Lemon\Kernel\src\liballoc\liballoc.c(376,16): warning : cast from pointer to integer of different size [-Wpointer-to-int-cast]
C:\Users\fidoj\OneDrive\Documents\Lemon\Kernel\src\liballoc\liballoc.c(405,32): warning : cast from pointer to integer of different size [-Wpointer-to-int-cast]
C:\Users\fidoj\OneDrive\Documents\Lemon\Kernel\src\liballoc\liballoc.c(442,19): warning : conversion to 'unsigned int' from 'long unsigned int' may alter its value [-Wconversion]
C:\Users\fidoj\OneDrive\Documents\Lemon\Kernel\src\liballoc\liballoc.c(452,41): warning : conversion to 'unsigned int' from 'int' may change the sign of the result [-Wsign-conversion]
C:\Users\fidoj\OneDrive\Documents\Lemon\Kernel\src\liballoc\liballoc.c(454,26): warning : conversion to 'unsigned int' from 'int' may change the sign of the result [-Wsign-conversion]
C:\Users\fidoj\OneDrive\Documents\Lemon\Kernel\src\liballoc\liballoc.c(455,40): warning : conversion to 'unsigned int' from 'int' may change the sign of the result [-Wsign-conversion]
C:\Users\fidoj\OneDrive\Documents\Lemon\Kernel\src\liballoc\liballoc.c(457,25): warning : conversion to 'int' from 'unsigned int' may change the sign of the result [-Wsign-conversion]
C:\Users\fidoj\OneDrive\Documents\Lemon\Kernel\src\liballoc\liballoc.c(495,20): warning : conversion to 'int' from 'size_t {aka unsigned int}' may change the sign of the result [-Wsign-conversion]
C:\Users\fidoj\OneDrive\Documents\Lemon\Kernel\src\liballoc\liballoc.c(497,20): warning : conversion to 'size_t {aka unsigned int}' from 'int' may change the sign of the result [-Wsign-conversion]
C:\Users\fidoj\OneDrive\Documents\Lemon\Kernel\src\liballoc\liballoc.c(499,31): warning : conversion to 'size_t {aka unsigned int}' from 'int' may change the sign of the result [-Wsign-conversion]
C:\Users\fidoj\OneDrive\Documents\Lemon\Kernel\src\liballoc\liballoc.c(519,21): warning : the comparison will always evaluate as 'true' for the address of 'liballoc_lock' will never be NULL [-Waddress]
C:\Users\fidoj\OneDrive\Documents\Lemon\Kernel\src\liballoc\liballoc.c(520,32): warning : cast from pointer to integer of different size [-Wpointer-to-int-cast]
C:\Users\fidoj\OneDrive\Documents\Lemon\Kernel\src\liballoc\liballoc.c(521,15): warning : conversion to 'int' from 'unsigned int' may change the sign of the result [-Wsign-conversion]
C:\Users\fidoj\OneDrive\Documents\Lemon\Kernel\src\liballoc\liballoc.c(522,23): warning : the comparison will always evaluate as 'true' for the address of 'liballoc_unlock' will never be NULL [-Waddress]
C:\Users\fidoj\OneDrive\Documents\Lemon\Kernel\src\liballoc\liballoc.c(524,38): warning : conversion to 'int' from 'size_t {aka unsigned int}' may change the sign of the result [-Wsign-conversion]
C:\Users\fidoj\OneDrive\Documents\Lemon\Kernel\src\liballoc\liballoc.c(527,27): warning : conversion to 'size_t {aka unsigned int}' from 'int' may change the sign of the result [-Wsign-conversion]
  _liballoc.cpp
  /home/computerfido/projects/Kernel/src/liballoc/_liballoc.cpp:1:20: fatal error: paging.h: No such file or directory
   #include <paging.h>
                      ^
  compilation terminated.
  
C:\Users\fidoj\OneDrive\Documents\Lemon\Kernel\src\liballoc\_liballoc.cpp(1,20): error : paging.h: No such file or directory
  list.cpp
  /home/computerfido/projects/Kernel/src/list.cpp:1:18: fatal error: list.h: No such file or directory
   #include <list.h>
                    ^
  compilation terminated.
  
C:\Users\fidoj\OneDrive\Documents\Lemon\Kernel\src\list.cpp(1,18): error : list.h: No such file or directory
  memory.cpp
  /home/computerfido/projects/Kernel/src/memory.cpp:4:23: warning: 'memset' initialized and declared 'extern'
   unsigned char *memset(uint8_t* src, int c, size_t count)
                         ^
  /home/computerfido/projects/Kernel/src/memory.cpp:4:23: error: 'unsigned char* memset' redeclared as different kind of symbol
  In file included from /usr/include/memory.h:29:0,
                   from /home/computerfido/projects/Kernel/src/memory.cpp:1:
  /usr/include/string.h:62:14: note: previous declaration 'void* memset(void*, int, size_t)'
   extern void *memset (void *__s, int __c, size_t __n) __THROW __nonnull ((1));
                ^
  /home/computerfido/projects/Kernel/src/memory.cpp:4:23: error: 'uint8_t' was not declared in this scope
   unsigned char *memset(uint8_t* src, int c, size_t count)
                         ^
  /home/computerfido/projects/Kernel/src/memory.cpp:4:32: error: 'src' was not declared in this scope
   unsigned char *memset(uint8_t* src, int c, size_t count)
                                  ^
  /home/computerfido/projects/Kernel/src/memory.cpp:4:37: error: expected primary-expression before 'int'
   unsigned char *memset(uint8_t* src, int c, size_t count)
                                       ^
  /home/computerfido/projects/Kernel/src/memory.cpp:4:51: error: expected primary-expression before 'count'
   unsigned char *memset(uint8_t* src, int c, size_t count)
                                                     ^
  
C:\Users\fidoj\OneDrive\Documents\Lemon\Kernel\src\memory.cpp(4,23): warning : 'memset' initialized and declared 'extern'
C:\Users\fidoj\OneDrive\Documents\Lemon\Kernel\src\memory.cpp(4,23): error : 'unsigned char* memset' redeclared as different kind of symbol
/usr/include/string.h(62,14): message : previous declaration 'void* memset(void*, int, size_t)'
C:\Users\fidoj\OneDrive\Documents\Lemon\Kernel\src\memory.cpp(4,23): error : 'uint8_t' was not declared in this scope
C:\Users\fidoj\OneDrive\Documents\Lemon\Kernel\src\memory.cpp(4,32): error : 'src' was not declared in this scope
C:\Users\fidoj\OneDrive\Documents\Lemon\Kernel\src\memory.cpp(4,37): error : expected primary-expression before 'int'
C:\Users\fidoj\OneDrive\Documents\Lemon\Kernel\src\memory.cpp(4,51): error : expected primary-expression before 'count'
  string.cpp
  /home/computerfido/projects/Kernel/src/string.cpp:4:1: error: 'string' does not name a type
   string::string()
   ^
  /home/computerfido/projects/Kernel/src/string.cpp:11:1: error: 'string' does not name a type
   string::string(char c)
   ^
  /home/computerfido/projects/Kernel/src/string.cpp:18:1: error: 'string' does not name a type
   string::string(const char* c)
   ^
  /home/computerfido/projects/Kernel/src/string.cpp:38:1: error: 'string' does not name a type
   string::string(const string& s)
   ^
  /home/computerfido/projects/Kernel/src/string.cpp:55:7: error: 'string' has not been declared
   char* string::c_str() /*const*/ {
         ^
  /home/computerfido/projects/Kernel/src/string.cpp: In function 'char* c_str()':
  /home/computerfido/projects/Kernel/src/string.cpp:56:9: error: 'data' was not declared in this scope
    return data;
           ^
  /home/computerfido/projects/Kernel/src/string.cpp: At global scope:
  /home/computerfido/projects/Kernel/src/string.cpp:59:8: error: 'string' has not been declared
   size_t string::len() const {
          ^
  /home/computerfido/projects/Kernel/src/string.cpp:59:22: error: non-member function 'size_t len()' cannot have cv-qualifier
   size_t string::len() const {
                        ^
  /home/computerfido/projects/Kernel/src/string.cpp: In function 'size_t len()':
  /home/computerfido/projects/Kernel/src/string.cpp:60:9: error: 'length' was not declared in this scope
    return length;
           ^
  /home/computerfido/projects/Kernel/src/string.cpp: At global scope:
  /home/computerfido/projects/Kernel/src/string.cpp:63:7: error: 'string' has not been declared
   char  string::operator[] (unsigned j) const {
         ^
  /home/computerfido/projects/Kernel/src/string.cpp:63:39: error: non-member function 'char operator[](unsigned int)' cannot have cv-qualifier
   char  string::operator[] (unsigned j) const {
                                         ^
  /home/computerfido/projects/Kernel/src/string.cpp:63:39: error: 'char operator[](unsigned int)' must be a nonstatic member function
  /home/computerfido/projects/Kernel/src/string.cpp:68:7: error: 'string' has not been declared
   char& string::operator[] (unsigned j) {
         ^
  /home/computerfido/projects/Kernel/src/string.cpp:68:37: error: 'char& operator[](unsigned int)' must be a nonstatic member function
   char& string::operator[] (unsigned j) {
                                       ^
  /home/computerfido/projects/Kernel/src/string.cpp:73:1: error: 'string' does not name a type
   string& string::operator= (const string& s)
   ^
  /home/computerfido/projects/Kernel/src/string.cpp:86:1: error: 'string' does not name a type
   string& string::operator+= (const string& s) {
   ^
  /home/computerfido/projects/Kernel/src/string.cpp:104:1: error: 'string' does not name a type
   string operator+ (const string& left, const string& right)
   ^
  /home/computerfido/projects/Kernel/src/string.cpp:109:1: error: 'string' does not name a type
   string operator+ (const string& left, char right)
   ^
  /home/computerfido/projects/Kernel/src/string.cpp:114:1: error: 'string' does not name a type
   string operator+ (const string& left, const char* right)
   ^
  /home/computerfido/projects/Kernel/src/string.cpp:119:1: error: 'string' does not name a type
   string operator+ (char left, const string& right)
   ^
  /home/computerfido/projects/Kernel/src/string.cpp:123:1: error: 'string' does not name a type
   string operator+ (const char* left, const string& right)
   ^
  /home/computerfido/projects/Kernel/src/string.cpp: In function 'char* strncat(char*, int, const char*)':
  /home/computerfido/projects/Kernel/src/string.cpp:144:19: warning: comparison between signed and unsigned integer expressions [-Wsign-compare]
       for (i = 0; i < len; i++);
                     ^
  /home/computerfido/projects/Kernel/src/string.cpp:145:19: warning: comparison between signed and unsigned integer expressions [-Wsign-compare]
       for (j = 0; j < len; j++)
                     ^
  /home/computerfido/projects/Kernel/src/string.cpp: In function 'char* itoa(int, char*, int)':
  /home/computerfido/projects/Kernel/src/string.cpp:229:18: warning: conversion to 'char' from 'int' may alter its value [-Wconversion]
           str[i++] = (rem > 9)? (rem-10) + 'a' : rem + '0';
                    ^
  /home/computerfido/projects/Kernel/src/string.cpp:229:18: warning: conversion to 'char' from 'int' may alter its value [-Wconversion]
  
C:\Users\fidoj\OneDrive\Documents\Lemon\Kernel\src\string.cpp(4,1): error : 'string' does not name a type
C:\Users\fidoj\OneDrive\Documents\Lemon\Kernel\src\string.cpp(11,1): error : 'string' does not name a type
C:\Users\fidoj\OneDrive\Documents\Lemon\Kernel\src\string.cpp(18,1): error : 'string' does not name a type
C:\Users\fidoj\OneDrive\Documents\Lemon\Kernel\src\string.cpp(38,1): error : 'string' does not name a type
C:\Users\fidoj\OneDrive\Documents\Lemon\Kernel\src\string.cpp(55,7): error : 'string' has not been declared
C:\Users\fidoj\OneDrive\Documents\Lemon\Kernel\src\string.cpp(56,9): error : 'data' was not declared in this scope
C:\Users\fidoj\OneDrive\Documents\Lemon\Kernel\src\string.cpp(59,8): error : 'string' has not been declared
C:\Users\fidoj\OneDrive\Documents\Lemon\Kernel\src\string.cpp(59,22): error : non-member function 'size_t len()' cannot have cv-qualifier
C:\Users\fidoj\OneDrive\Documents\Lemon\Kernel\src\string.cpp(60,9): error : 'length' was not declared in this scope
C:\Users\fidoj\OneDrive\Documents\Lemon\Kernel\src\string.cpp(63,7): error : 'string' has not been declared
C:\Users\fidoj\OneDrive\Documents\Lemon\Kernel\src\string.cpp(63,39): error : non-member function 'char operator[](unsigned int)' cannot have cv-qualifier
C:\Users\fidoj\OneDrive\Documents\Lemon\Kernel\src\string.cpp(63,39): error : 'char operator[](unsigned int)' must be a nonstatic member function
C:\Users\fidoj\OneDrive\Documents\Lemon\Kernel\src\string.cpp(68,7): error : 'string' has not been declared
C:\Users\fidoj\OneDrive\Documents\Lemon\Kernel\src\string.cpp(68,37): error : 'char& operator[](unsigned int)' must be a nonstatic member function
C:\Users\fidoj\OneDrive\Documents\Lemon\Kernel\src\string.cpp(73,1): error : 'string' does not name a type
C:\Users\fidoj\OneDrive\Documents\Lemon\Kernel\src\string.cpp(86,1): error : 'string' does not name a type
C:\Users\fidoj\OneDrive\Documents\Lemon\Kernel\src\string.cpp(104,1): error : 'string' does not name a type
C:\Users\fidoj\OneDrive\Documents\Lemon\Kernel\src\string.cpp(109,1): error : 'string' does not name a type
C:\Users\fidoj\OneDrive\Documents\Lemon\Kernel\src\string.cpp(114,1): error : 'string' does not name a type
C:\Users\fidoj\OneDrive\Documents\Lemon\Kernel\src\string.cpp(119,1): error : 'string' does not name a type
C:\Users\fidoj\OneDrive\Documents\Lemon\Kernel\src\string.cpp(123,1): error : 'string' does not name a type
C:\Users\fidoj\OneDrive\Documents\Lemon\Kernel\src\string.cpp(144,19): warning : comparison between signed and unsigned integer expressions [-Wsign-compare]
C:\Users\fidoj\OneDrive\Documents\Lemon\Kernel\src\string.cpp(145,19): warning : comparison between signed and unsigned integer expressions [-Wsign-compare]
C:\Users\fidoj\OneDrive\Documents\Lemon\Kernel\src\string.cpp(229,18): warning : conversion to 'char' from 'int' may alter its value [-Wconversion]
C:\Users\fidoj\OneDrive\Documents\Lemon\Kernel\src\string.cpp(229,18): warning : conversion to 'char' from 'int' may alter its value [-Wconversion]
  video.cpp
  /home/computerfido/projects/Kernel/src/video.cpp:1:19: fatal error: video.h: No such file or directory
   #include <video.h>
                     ^
  compilation terminated.
  
C:\Users\fidoj\OneDrive\Documents\Lemon\Kernel\src\video.cpp(1,19): error : video.h: No such file or directory
  window.cpp
  /home/computerfido/projects/Kernel/src/window.cpp:1:20: fatal error: window.h: No such file or directory
   #include <window.h>
                      ^
  compilation terminated.
  
C:\Users\fidoj\OneDrive\Documents\Lemon\Kernel\src\window.cpp(1,20): error : window.h: No such file or directory
