  Cleaning remote project directory
  Validating sources
  Copying sources remotely to 'localhost'
  Starting remote build
  Compiling sources:
  graphicsresources.cpp
  /home/computerfido/projects/Kernel/src/graphicsresources.cpp:1:31: fatal error: graphicsresources.h: No such file or directory
   #include <graphicsresources.h>
                                 ^
  compilation terminated.
  
D:\OneDrive\Documents\Lemon\Kernel\src\graphicsresources.cpp(1,31): error : graphicsresources.h: No such file or directory
  mouse.cpp
  /home/computerfido/projects/Kernel/src/arch/x86/mouse.cpp:1:19: fatal error: mouse.h: No such file or directory
   #include <mouse.h>
                     ^
  compilation terminated.
  
D:\OneDrive\Documents\Lemon\Kernel\src\arch\x86\mouse.cpp(1,19): error : mouse.h: No such file or directory
  gdt.cpp
  /home/computerfido/projects/Kernel/src/arch/x86/gdt.cpp:1:17: fatal error: gdt.h: No such file or directory
   #include <gdt.h>
                   ^
  compilation terminated.
  
D:\OneDrive\Documents\Lemon\Kernel\src\arch\x86\gdt.cpp(1,17): error : gdt.h: No such file or directory
  idt.cpp
  /home/computerfido/projects/Kernel/src/arch/x86/idt.cpp:1:17: fatal error: idt.h: No such file or directory
   #include <idt.h>
                   ^
  compilation terminated.
  
D:\OneDrive\Documents\Lemon\Kernel\src\arch\x86\idt.cpp(1,17): error : idt.h: No such file or directory
  keyboard.cpp
  /home/computerfido/projects/Kernel/src/arch/x86/keyboard.cpp:1:22: fatal error: keyboard.h: No such file or directory
   #include <keyboard.h>
                        ^
  compilation terminated.
  
D:\OneDrive\Documents\Lemon\Kernel\src\arch\x86\keyboard.cpp(1,22): error : keyboard.h: No such file or directory
  paging.cpp
  /home/computerfido/projects/Kernel/src/arch/x86/paging.cpp:1:20: fatal error: paging.h: No such file or directory
   #include <paging.h>
                      ^
  compilation terminated.
  
D:\OneDrive\Documents\Lemon\Kernel\src\arch\x86\paging.cpp(1,20): error : paging.h: No such file or directory
  serial.cpp
  /home/computerfido/projects/Kernel/src/arch/x86/serial.cpp:1:20: fatal error: system.h: No such file or directory
   #include <system.h>
                      ^
  compilation terminated.
  
D:\OneDrive\Documents\Lemon\Kernel\src\arch\x86\serial.cpp(1,20): error : system.h: No such file or directory
  system.cpp
  /home/computerfido/projects/Kernel/src/arch/x86/system.cpp:1:20: fatal error: system.h: No such file or directory
   #include <system.h>
                      ^
  compilation terminated.
  
D:\OneDrive\Documents\Lemon\Kernel\src\arch\x86\system.cpp(1,20): error : system.h: No such file or directory
  vga.cpp
  /home/computerfido/projects/Kernel/src/arch/x86/vga.cpp:1:17: fatal error: vga.h: No such file or directory
   #include <vga.h>
                   ^
  compilation terminated.
  
D:\OneDrive\Documents\Lemon\Kernel\src\arch\x86\vga.cpp(1,17): error : vga.h: No such file or directory
  console.cpp
  /home/computerfido/projects/Kernel/src/console.cpp:1:21: fatal error: console.h: No such file or directory
   #include <console.h>
                       ^
  compilation terminated.
  
D:\OneDrive\Documents\Lemon\Kernel\src\console.cpp(1,21): error : console.h: No such file or directory
  fatal.cpp
  /home/computerfido/projects/Kernel/src/fatal.cpp:1:19: fatal error: fatal.h: No such file or directory
   #include <fatal.h>
                     ^
  compilation terminated.
  
D:\OneDrive\Documents\Lemon\Kernel\src\fatal.cpp(1,19): error : fatal.h: No such file or directory
  windowmanager.cpp
  /home/computerfido/projects/Kernel/src/gui/windowmanager.cpp:1:27: fatal error: windowmanager.h: No such file or directory
   #include <windowmanager.h>
                             ^
  compilation terminated.
  
D:\OneDrive\Documents\Lemon\Kernel\src\gui\windowmanager.cpp(1,27): error : windowmanager.h: No such file or directory
  initrd.cpp
  /home/computerfido/projects/Kernel/src/initrd.cpp:1:20: fatal error: initrd.h: No such file or directory
   #include <initrd.h>
                      ^
  compilation terminated.
  
D:\OneDrive\Documents\Lemon\Kernel\src\initrd.cpp(1,20): error : initrd.h: No such file or directory
  kernel.cpp
  /home/computerfido/projects/Kernel/src/kernel.cpp:1:17: fatal error: gdt.h: No such file or directory
   #include <gdt.h>
                   ^
  compilation terminated.
  
D:\OneDrive\Documents\Lemon\Kernel\src\kernel.cpp(1,17): error : gdt.h: No such file or directory
  liballoc.c
D:\Programs\Microsoft Visual Studio\2017\Community\Common7\IDE\VC\VCTargets\Application Type\Linux\1.0\Linux.targets(259,5): warning : command line option ‘-fthreadsafe-statics’ is valid for C++/ObjC++ but not for C
D:\Programs\Microsoft Visual Studio\2017\Community\Common7\IDE\VC\VCTargets\Application Type\Linux\1.0\Linux.targets(259,5): warning : command line option ‘-frtti’ is valid for C++/ObjC++ but not for C
D:\OneDrive\Documents\Lemon\Kernel\src\liballoc\liballoc.h(87,11): warning : conflicting types for built-in function ‘malloc’
D:\OneDrive\Documents\Lemon\Kernel\src\liballoc\liballoc.h(88,11): warning : conflicting types for built-in function ‘realloc’
D:\OneDrive\Documents\Lemon\Kernel\src\liballoc\liballoc.h(89,11): warning : conflicting types for built-in function ‘calloc’
D:\OneDrive\Documents\Lemon\Kernel\src\liballoc\liballoc.c(74,19): warning : conversion to ‘char’ from ‘int’ may alter its value [-Wconversion]
D:\OneDrive\Documents\Lemon\Kernel\src\liballoc\liballoc.c(89,9): warning : conversion to ‘size_t {aka unsigned int}’ from ‘long unsigned int’ may alter its value [-Wconversion]
D:\OneDrive\Documents\Lemon\Kernel\src\liballoc\liballoc.c(146,23): warning : conversion to ‘unsigned int’ from ‘long unsigned int’ may alter its value [-Wconversion]
D:\OneDrive\Documents\Lemon\Kernel\src\liballoc\liballoc.c(206,27): warning : conversion to ‘unsigned int’ from ‘long unsigned int’ may alter its value [-Wconversion]
D:\OneDrive\Documents\Lemon\Kernel\src\liballoc\liballoc.c(209,31): warning : cast from pointer to integer of different size [-Wpointer-to-int-cast]
D:\OneDrive\Documents\Lemon\Kernel\src\liballoc\liballoc.c(243,12): warning : conversion to ‘unsigned int’ from ‘long unsigned int’ may alter its value [-Wconversion]
D:\OneDrive\Documents\Lemon\Kernel\src\liballoc\liballoc.c(246,17): warning : conversion to ‘unsigned int’ from ‘int’ may change the sign of the result [-Wsign-conversion]
D:\OneDrive\Documents\Lemon\Kernel\src\liballoc\liballoc.c(247,15): warning : conversion to ‘unsigned int’ from ‘int’ may change the sign of the result [-Wsign-conversion]
D:\OneDrive\Documents\Lemon\Kernel\src\liballoc\liballoc.c(250,38): warning : conversion to ‘unsigned int’ from ‘int’ may change the sign of the result [-Wsign-conversion]
D:\OneDrive\Documents\Lemon\Kernel\src\liballoc\liballoc.c(252,47): warning : conversion to ‘int’ from ‘unsigned int’ may change the sign of the result [-Wsign-conversion]
D:\OneDrive\Documents\Lemon\Kernel\src\liballoc\liballoc.c(258,29): warning : conversion to ‘unsigned int’ from ‘int’ may change the sign of the result [-Wsign-conversion]
D:\OneDrive\Documents\Lemon\Kernel\src\liballoc\liballoc.c(332,21): warning : conversion to ‘unsigned int’ from ‘long unsigned int’ may alter its value [-Wconversion]
D:\OneDrive\Documents\Lemon\Kernel\src\liballoc\liballoc.c(352,28): warning : conversion to ‘unsigned int’ from ‘long unsigned int’ may alter its value [-Wconversion]
D:\OneDrive\Documents\Lemon\Kernel\src\liballoc\liballoc.c(376,16): warning : cast from pointer to integer of different size [-Wpointer-to-int-cast]
D:\OneDrive\Documents\Lemon\Kernel\src\liballoc\liballoc.c(405,32): warning : cast from pointer to integer of different size [-Wpointer-to-int-cast]
D:\OneDrive\Documents\Lemon\Kernel\src\liballoc\liballoc.c(442,19): warning : conversion to ‘unsigned int’ from ‘long unsigned int’ may alter its value [-Wconversion]
D:\OneDrive\Documents\Lemon\Kernel\src\liballoc\liballoc.c(452,41): warning : conversion to ‘unsigned int’ from ‘int’ may change the sign of the result [-Wsign-conversion]
D:\OneDrive\Documents\Lemon\Kernel\src\liballoc\liballoc.c(454,26): warning : conversion to ‘unsigned int’ from ‘int’ may change the sign of the result [-Wsign-conversion]
D:\OneDrive\Documents\Lemon\Kernel\src\liballoc\liballoc.c(455,40): warning : conversion to ‘unsigned int’ from ‘int’ may change the sign of the result [-Wsign-conversion]
D:\OneDrive\Documents\Lemon\Kernel\src\liballoc\liballoc.c(457,25): warning : conversion to ‘int’ from ‘unsigned int’ may change the sign of the result [-Wsign-conversion]
D:\OneDrive\Documents\Lemon\Kernel\src\liballoc\liballoc.c(495,20): warning : conversion to ‘int’ from ‘size_t {aka unsigned int}’ may change the sign of the result [-Wsign-conversion]
D:\OneDrive\Documents\Lemon\Kernel\src\liballoc\liballoc.c(497,20): warning : conversion to ‘size_t {aka unsigned int}’ from ‘int’ may change the sign of the result [-Wsign-conversion]
D:\OneDrive\Documents\Lemon\Kernel\src\liballoc\liballoc.c(499,31): warning : conversion to ‘size_t {aka unsigned int}’ from ‘int’ may change the sign of the result [-Wsign-conversion]
D:\OneDrive\Documents\Lemon\Kernel\src\liballoc\liballoc.c(519,21): warning : the comparison will always evaluate as ‘true’ for the address of ‘liballoc_lock’ will never be NULL [-Waddress]
D:\OneDrive\Documents\Lemon\Kernel\src\liballoc\liballoc.c(520,32): warning : cast from pointer to integer of different size [-Wpointer-to-int-cast]
D:\OneDrive\Documents\Lemon\Kernel\src\liballoc\liballoc.c(521,15): warning : conversion to ‘int’ from ‘unsigned int’ may change the sign of the result [-Wsign-conversion]
D:\OneDrive\Documents\Lemon\Kernel\src\liballoc\liballoc.c(522,23): warning : the comparison will always evaluate as ‘true’ for the address of ‘liballoc_unlock’ will never be NULL [-Waddress]
D:\OneDrive\Documents\Lemon\Kernel\src\liballoc\liballoc.c(524,38): warning : conversion to ‘int’ from ‘size_t {aka unsigned int}’ may change the sign of the result [-Wsign-conversion]
D:\OneDrive\Documents\Lemon\Kernel\src\liballoc\liballoc.c(527,27): warning : conversion to ‘size_t {aka unsigned int}’ from ‘int’ may change the sign of the result [-Wsign-conversion]
  _liballoc.cpp
  /home/computerfido/projects/Kernel/src/liballoc/_liballoc.cpp:1:20: fatal error: paging.h: No such file or directory
   #include <paging.h>
                      ^
  compilation terminated.
  
D:\OneDrive\Documents\Lemon\Kernel\src\liballoc\_liballoc.cpp(1,20): error : paging.h: No such file or directory
  list.cpp
  /home/computerfido/projects/Kernel/src/list.cpp:1:18: fatal error: list.h: No such file or directory
   #include <list.h>
                    ^
  compilation terminated.
  
D:\OneDrive\Documents\Lemon\Kernel\src\list.cpp(1,18): error : list.h: No such file or directory
  shell.cpp
  /home/computerfido/projects/Kernel/src/shell.cpp:1:19: fatal error: shell.h: No such file or directory
   #include <shell.h>
                     ^
  compilation terminated.
  
D:\OneDrive\Documents\Lemon\Kernel\src\shell.cpp(1,19): error : shell.h: No such file or directory
  rand.cpp
  memory.cpp
  /home/computerfido/projects/Kernel/src/memory.cpp:4:23: warning: ‘memset’ initialized and declared ‘extern’
   unsigned char *memset(uint8_t* src, int c, size_t count)
                         ^
  /home/computerfido/projects/Kernel/src/memory.cpp:4:23: error: ‘unsigned char* memset’ redeclared as different kind of symbol
  In file included from /usr/include/memory.h:29:0,
                   from /home/computerfido/projects/Kernel/src/memory.cpp:1:
  /usr/include/string.h:62:14: note: previous declaration ‘void* memset(void*, int, size_t)’
   extern void *memset (void *__s, int __c, size_t __n) __THROW __nonnull ((1));
                ^
  /home/computerfido/projects/Kernel/src/memory.cpp:4:23: error: ‘uint8_t’ was not declared in this scope
   unsigned char *memset(uint8_t* src, int c, size_t count)
                         ^
  /home/computerfido/projects/Kernel/src/memory.cpp:4:32: error: ‘src’ was not declared in this scope
   unsigned char *memset(uint8_t* src, int c, size_t count)
                                  ^
  /home/computerfido/projects/Kernel/src/memory.cpp:4:37: error: expected primary-expression before ‘int’
   unsigned char *memset(uint8_t* src, int c, size_t count)
                                       ^
  /home/computerfido/projects/Kernel/src/memory.cpp:4:51: error: expected primary-expression before ‘count’
   unsigned char *memset(uint8_t* src, int c, size_t count)
                                                     ^
  
D:\OneDrive\Documents\Lemon\Kernel\src\memory.cpp(4,23): warning : ‘memset’ initialized and declared ‘extern’
D:\OneDrive\Documents\Lemon\Kernel\src\memory.cpp(4,23): error : ‘unsigned char* memset’ redeclared as different kind of symbol
/usr/include/string.h(62,14): message : previous declaration ‘void* memset(void*, int, size_t)’
D:\OneDrive\Documents\Lemon\Kernel\src\memory.cpp(4,23): error : ‘uint8_t’ was not declared in this scope
D:\OneDrive\Documents\Lemon\Kernel\src\memory.cpp(4,32): error : ‘src’ was not declared in this scope
D:\OneDrive\Documents\Lemon\Kernel\src\memory.cpp(4,37): error : expected primary-expression before ‘int’
D:\OneDrive\Documents\Lemon\Kernel\src\memory.cpp(4,51): error : expected primary-expression before ‘count’
D:\Programs\Microsoft Visual Studio\2017\Community\Common7\IDE\VC\VCTargets\Application Type\Linux\1.0\Linux.targets(259,5): error : The process cannot access the file 'D:\OneDrive\Documents\Lemon\Kernel\obj\ARM\Debug\1121003936.CompileUpToDateFile.tlog' because it is being used by another process.
